 
****************************************
Report : timing
        -path full
        -delay min
        -max_paths 100
Design : I2C_controller
Version: K-2015.06
Date   : Thu Oct  5 22:00:16 2023
****************************************

Operating Conditions: scmetro_tsmc_cl013g_rvt_ss_1p08v_125c   Library: scmetro_tsmc_cl013g_rvt_ss_1p08v_125c
Wire Load Model Mode: top

  Startpoint: cmd[2] (input port)
  Endpoint: sda_output_m
            (output port)
  Path Group: (none)
  Path Type: min

  Point                                    Incr       Path
  -----------------------------------------------------------
  input external delay                     0.00       0.00 r
  cmd[2] (in)                              0.00       0.00 r
  U779/Y (AOI21X1M)                        0.04       0.04 f
  U650/Y (CLKNAND2X2M)                     0.06       0.09 r
  sda_output_m_tri/Y (TBUFX2M)             0.13       0.22 r
  sda_output_m (out)                       0.00       0.22 r
  data arrival time                                   0.22
  -----------------------------------------------------------
  (Path is unconstrained)


  Startpoint: cmd[1] (input port)
  Endpoint: data_out[7]
            (output port)
  Path Group: (none)
  Path Type: min

  Point                                    Incr       Path
  -----------------------------------------------------------
  input external delay                     0.00       0.00 f
  cmd[1] (in)                              0.00       0.00 f
  U661/Y (NAND4X1M)                        0.19       0.19 r
  U653/Y (NOR2BX1M)                        0.07       0.26 f
  data_out[7] (out)                        0.00       0.26 f
  data arrival time                                   0.26
  -----------------------------------------------------------
  (Path is unconstrained)


  Startpoint: cmd[1] (input port)
  Endpoint: data_out[6]
            (output port)
  Path Group: (none)
  Path Type: min

  Point                                    Incr       Path
  -----------------------------------------------------------
  input external delay                     0.00       0.00 f
  cmd[1] (in)                              0.00       0.00 f
  U661/Y (NAND4X1M)                        0.19       0.19 r
  U654/Y (NOR2BX1M)                        0.07       0.26 f
  data_out[6] (out)                        0.00       0.26 f
  data arrival time                                   0.26
  -----------------------------------------------------------
  (Path is unconstrained)


  Startpoint: cmd[1] (input port)
  Endpoint: data_out[5]
            (output port)
  Path Group: (none)
  Path Type: min

  Point                                    Incr       Path
  -----------------------------------------------------------
  input external delay                     0.00       0.00 f
  cmd[1] (in)                              0.00       0.00 f
  U661/Y (NAND4X1M)                        0.19       0.19 r
  U655/Y (NOR2BX1M)                        0.07       0.26 f
  data_out[5] (out)                        0.00       0.26 f
  data arrival time                                   0.26
  -----------------------------------------------------------
  (Path is unconstrained)


  Startpoint: cmd[1] (input port)
  Endpoint: data_out[4]
            (output port)
  Path Group: (none)
  Path Type: min

  Point                                    Incr       Path
  -----------------------------------------------------------
  input external delay                     0.00       0.00 f
  cmd[1] (in)                              0.00       0.00 f
  U661/Y (NAND4X1M)                        0.19       0.19 r
  U656/Y (NOR2BX1M)                        0.07       0.26 f
  data_out[4] (out)                        0.00       0.26 f
  data arrival time                                   0.26
  -----------------------------------------------------------
  (Path is unconstrained)


  Startpoint: cmd[1] (input port)
  Endpoint: data_out[3]
            (output port)
  Path Group: (none)
  Path Type: min

  Point                                    Incr       Path
  -----------------------------------------------------------
  input external delay                     0.00       0.00 f
  cmd[1] (in)                              0.00       0.00 f
  U661/Y (NAND4X1M)                        0.19       0.19 r
  U657/Y (NOR2BX1M)                        0.07       0.26 f
  data_out[3] (out)                        0.00       0.26 f
  data arrival time                                   0.26
  -----------------------------------------------------------
  (Path is unconstrained)


  Startpoint: cmd[1] (input port)
  Endpoint: data_out[2]
            (output port)
  Path Group: (none)
  Path Type: min

  Point                                    Incr       Path
  -----------------------------------------------------------
  input external delay                     0.00       0.00 f
  cmd[1] (in)                              0.00       0.00 f
  U661/Y (NAND4X1M)                        0.19       0.19 r
  U658/Y (NOR2BX1M)                        0.07       0.26 f
  data_out[2] (out)                        0.00       0.26 f
  data arrival time                                   0.26
  -----------------------------------------------------------
  (Path is unconstrained)


  Startpoint: cmd[1] (input port)
  Endpoint: data_out[1]
            (output port)
  Path Group: (none)
  Path Type: min

  Point                                    Incr       Path
  -----------------------------------------------------------
  input external delay                     0.00       0.00 f
  cmd[1] (in)                              0.00       0.00 f
  U661/Y (NAND4X1M)                        0.19       0.19 r
  U659/Y (NOR2BX1M)                        0.07       0.26 f
  data_out[1] (out)                        0.00       0.26 f
  data arrival time                                   0.26
  -----------------------------------------------------------
  (Path is unconstrained)


  Startpoint: cmd[1] (input port)
  Endpoint: data_out[0]
            (output port)
  Path Group: (none)
  Path Type: min

  Point                                    Incr       Path
  -----------------------------------------------------------
  input external delay                     0.00       0.00 f
  cmd[1] (in)                              0.00       0.00 f
  U661/Y (NAND4X1M)                        0.19       0.19 r
  U660/Y (NOR2BX1M)                        0.07       0.26 f
  data_out[0] (out)                        0.00       0.26 f
  data arrival time                                   0.26
  -----------------------------------------------------------
  (Path is unconstrained)


  Startpoint: scl_reg_reg
              (rising edge-triggered flip-flop)
  Endpoint: scl (output port)
  Path Group: (none)
  Path Type: min

  Point                                    Incr       Path
  -----------------------------------------------------------
  scl_reg_reg/CK (DFFSQX2M)                0.00       0.00 r
  scl_reg_reg/Q (DFFSQX2M)                 0.40       0.40 r
  scl (out)                                0.00       0.40 r
  data arrival time                                   0.40
  -----------------------------------------------------------
  (Path is unconstrained)


  Startpoint: dvsr[11] (input port)
  Endpoint: done_tick (output port)
  Path Group: (none)
  Path Type: min

  Point                                    Incr       Path
  -----------------------------------------------------------
  input external delay                     0.00       0.00 r
  dvsr[11] (in)                            0.00       0.00 r
  U776/Y (XNOR2X1M)                        0.09       0.09 r
  U772/Y (NOR4X1M)                         0.08       0.17 f
  U756/Y (NAND4X1M)                        0.24       0.41 r
  U663/Y (NOR3X1M)                         0.11       0.52 f
  done_tick (out)                          0.00       0.52 f
  data arrival time                                   0.52
  -----------------------------------------------------------
  (Path is unconstrained)


  Startpoint: sda_input_s
              (input port)
  Endpoint: ack (output port)
  Path Group: (none)
  Path Type: min

  Point                                    Incr       Path
  -----------------------------------------------------------
  input external delay                     0.00       0.00 f
  sda_input_s (in)                         0.00       0.00 f
  U780/Y (CLKMX2X2M)                       0.18       0.18 f
  U777/Y (CLKNAND2X2M)                     0.07       0.25 r
  U752/Y (OAI32X1M)                        0.08       0.33 f
  U528/Y (MX2X2M)                          0.21       0.54 f
  ack (out)                                0.00       0.54 f
  data arrival time                                   0.54
  -----------------------------------------------------------
  (Path is unconstrained)


  Startpoint: current_state_reg[0]
              (rising edge-triggered flip-flop)
  Endpoint: ready (output port)
  Path Group: (none)
  Path Type: min

  Point                                    Incr       Path
  -----------------------------------------------------------
  current_state_reg[0]/CK (DFFRQX2M)       0.00       0.00 r
  current_state_reg[0]/Q (DFFRQX2M)        0.43       0.43 r
  U641/Y (NOR3X1M)                         0.11       0.54 f
  U616/Y (NOR2X1M)                         0.13       0.67 r
  U577/Y (CLKINVX1M)                       0.05       0.73 f
  ready (out)                              0.00       0.73 f
  data arrival time                                   0.73
  -----------------------------------------------------------
  (Path is unconstrained)


1
